--- 2024-05-15 ---
05/15/2024 05:15:22: Connecting to MySQL...
05/15/2024 05:15:25: Done
05/15/2024 05:15:25: Reading Row...  Job ID: 1
05/15/2024 05:15:27: Reading Row...  Job ID: 2
05/15/2024 05:15:27: Reading Row...  Job ID: 3
05/15/2024 05:15:27: Reading Row...  Job ID: 4
05/15/2024 05:15:28: Reading Row...  Job ID: 5
05/15/2024 05:15:28: Reading Row...  Job ID: 6
05/15/2024 05:15:29: Reading Row...  Job ID: 7
05/15/2024 05:15:29: Reading Row...  Job ID: 8
05/15/2024 05:15:30: Reading Row...  Job ID: 9
05/15/2024 05:15:30: Reading Row...  Job ID: 10
05/15/2024 05:15:30: Reading Row...  Job ID: 11
05/15/2024 05:15:31: Reading Row...  Job ID: 12
05/15/2024 05:15:31: Reading Row...  Job ID: 13
05/15/2024 05:15:32: Reading Row...  Job ID: 14
05/15/2024 05:15:32: Reading Row...  Job ID: 15
05/15/2024 05:15:33: Reading Row...  Job ID: 16
05/15/2024 05:15:33: Reading Row...  Job ID: 17
05/15/2024 05:15:33: Reading Row...  Job ID: 18
05/15/2024 05:15:34: Reading Row...  Job ID: 19
05/15/2024 05:15:34: Reading Row...  Job ID: 20
05/15/2024 05:15:35: Reading Row...  Job ID: 21
05/15/2024 05:15:35: Reading Row...  Job ID: 22
05/15/2024 05:15:36: Reading Row...  Job ID: 23
05/15/2024 05:15:36: Reading Row...  Job ID: 24
05/15/2024 05:15:36: Reading Row...  Job ID: 25
05/15/2024 05:15:37: Reading Row...  Job ID: 26
05/15/2024 05:15:37: Reading Row...  Job ID: 27
05/15/2024 05:15:38: Reading Row...  Job ID: 28
05/15/2024 05:15:38: Reading Row...  Job ID: 29
05/15/2024 05:15:39: Reading Row...  Job ID: 30
05/15/2024 05:15:39: Reading Row...  Job ID: 31
05/15/2024 05:15:39: Reading Row...  Job ID: 32
05/15/2024 05:15:40: Reading Row...  Job ID: 33
05/15/2024 05:15:40: Reading Row...  Job ID: 34
05/15/2024 05:15:41: Reading Row...  Job ID: 35
05/15/2024 05:15:41: Reading Row...  Job ID: 36
05/15/2024 05:15:42: Reading Row...  Job ID: 37
05/15/2024 05:15:42: Reading Row...  Job ID: 38
05/15/2024 05:15:42: Reading Row...  Job ID: 39
05/15/2024 05:15:43: Reading Row...  Job ID: 40
05/15/2024 05:15:43: Reading Row...  Job ID: 41
05/15/2024 05:15:44: Reading Row...  Job ID: 42
05/15/2024 05:15:44: Reading Row...  Job ID: 43
05/15/2024 05:15:45: Reading Row...  Job ID: 44
05/15/2024 05:15:45: Reading Row...  Job ID: 45
05/15/2024 05:15:45: Reading Row...  Job ID: 46
05/15/2024 05:15:46: Reading Row...  Job ID: 47
05/15/2024 05:15:46: Reading Row...  Job ID: 48
05/15/2024 05:15:47: Reading Row...  Job ID: 49
05/15/2024 05:15:47: Reading Row...  Job ID: 50
05/15/2024 05:15:48: Reading Row...  Job ID: 51
05/15/2024 05:15:48: Reading Row...  Job ID: 52
05/15/2024 05:15:48: Reading Row...  Job ID: 53
05/15/2024 05:15:49: Reading Row...  Job ID: 54
05/15/2024 05:15:49: Reading Row...  Job ID: 55
05/15/2024 05:15:50: Reading Row...  Job ID: 56
05/15/2024 05:15:50: Reading Row...  Job ID: 57
05/15/2024 05:15:51: Reading Row...  Job ID: 58
05/15/2024 05:15:51: Reading Row...  Job ID: 59
05/15/2024 05:15:51: Reading Row...  Job ID: 60
05/15/2024 05:15:52: Reading Row...  Job ID: 61
05/15/2024 05:15:52: Reading Row...  Job ID: 62
05/15/2024 05:15:53: Reading Row...  Job ID: 63
05/15/2024 05:15:53: Reading Row...  Job ID: 64
05/15/2024 05:15:54: Reading Row...  Job ID: 65
05/15/2024 05:15:54: Reading Row...  Job ID: 66
05/15/2024 05:15:54: Reading Row...  Job ID: 67
05/15/2024 05:15:55: Reading Row...  Job ID: 68
05/15/2024 05:15:55: Reading Row...  Job ID: 69
05/15/2024 05:15:56: Reading Row...  Job ID: 70
05/15/2024 05:15:56: Reading Row...  Job ID: 71
05/15/2024 05:15:56: Reading Row...  Job ID: 72
05/15/2024 05:15:57: Reading Row...  Job ID: 73
05/15/2024 05:15:57: Reading Row...  Job ID: 74
05/15/2024 05:15:58: Reading Row...  Job ID: 75
05/15/2024 05:15:58: Reading Row...  Job ID: 76
05/15/2024 05:15:59: Reading Row...  Job ID: 77
05/15/2024 05:15:59: Reading Row...  Job ID: 78
05/15/2024 05:15:59: Reading Row...  Job ID: 79
05/15/2024 05:16:00: Reading Row...  Job ID: 80
05/15/2024 05:16:00: Reading Row...  Job ID: 81
05/15/2024 05:16:01: Reading Row...  Job ID: 82
05/15/2024 05:16:01: Reading Row...  Job ID: 83
05/15/2024 05:16:02: Reading Row...  Job ID: 84
05/15/2024 05:16:02: Reading Row...  Job ID: 85
05/15/2024 05:16:02: Reading Row...  Job ID: 86
05/15/2024 05:16:03: Reading Row...  Job ID: 87
05/15/2024 05:16:03: Reading Row...  Job ID: 88
05/15/2024 05:16:04: Reading Row...  Job ID: 89
05/15/2024 05:16:04: Reading Row...  Job ID: 90
05/15/2024 05:16:05: Reading Row...  Job ID: 91
05/15/2024 05:16:05: Reading Row...  Job ID: 92
05/15/2024 05:16:06: Reading Row...  Job ID: 93
05/15/2024 05:16:06: Reading Row...  Job ID: 94
05/15/2024 05:16:06: Reading Row...  Job ID: 95
05/15/2024 05:16:07: Reading Row...  Job ID: 96
05/15/2024 05:16:07: Reading Row...  Job ID: 97
05/15/2024 05:16:08: Reading Row...  Job ID: 98
05/15/2024 05:16:08: Reading Row...  Job ID: 99
05/15/2024 05:16:09: Reading Row...  Job ID: 100
05/15/2024 05:16:09: Reading Row...  Job ID: 101
05/15/2024 05:16:09: Reading Row...  Job ID: 102
05/15/2024 05:16:11: Reading Row...  Job ID: 103
05/15/2024 05:16:11: Reading Row...  Job ID: 104
05/15/2024 05:16:11: Reading Row...  Job ID: 105
05/15/2024 05:16:12: Reading Row...  Job ID: 106
05/15/2024 05:16:12: Reading Row...  Job ID: 107
05/15/2024 05:16:13: Reading Row...  Job ID: 108
05/15/2024 05:16:13: Reading Row...  Job ID: 109
05/15/2024 05:16:14: Reading Row...  Job ID: 110
05/15/2024 05:16:14: Reading Row...  Job ID: 111
05/15/2024 05:16:15: Reading Row...  Job ID: 112
05/15/2024 05:16:15: Reading Row...  Job ID: 113
05/15/2024 05:16:16: Reading Row...  Job ID: 114
05/15/2024 05:16:16: Reading Row...  Job ID: 115
05/15/2024 05:16:17: Reading Row...  Job ID: 116
05/15/2024 05:16:17: Reading Row...  Job ID: 117
05/15/2024 05:16:17: Reading Row...  Job ID: 118
05/15/2024 05:16:18: Reading Row...  Job ID: 119
05/15/2024 05:16:18: Reading Row...  Job ID: 120
05/15/2024 05:16:19: Reading Row...  Job ID: 121
05/15/2024 05:16:19: Reading Row...  Job ID: 122
05/15/2024 05:16:20: Reading Row...  Job ID: 123
05/15/2024 05:16:20: Reading Row...  Job ID: 124
05/15/2024 05:16:21: Reading Row...  Job ID: 125
05/15/2024 05:16:21: Reading Row...  Job ID: 126
05/15/2024 05:16:22: Reading Row...  Job ID: 127
05/15/2024 05:16:22: Reading Row...  Job ID: 128
05/15/2024 05:16:23: Reading Row...  Job ID: 129
05/15/2024 05:16:23: Reading Row...  Job ID: 130
05/15/2024 05:16:24: Reading Row...  Job ID: 131
05/15/2024 05:16:24: Reading Row...  Job ID: 132
05/15/2024 05:16:24: Reading Row...  Job ID: 133
05/15/2024 05:16:25: Reading Row...  Job ID: 134
05/15/2024 05:16:25: Reading Row...  Job ID: 135
05/15/2024 05:16:26: Reading Row...  Job ID: 136
05/15/2024 05:16:26: Reading Row...  Job ID: 137
05/15/2024 05:16:27: Reading Row...  Job ID: 138
05/15/2024 05:16:27: Reading Row...  Job ID: 139
05/15/2024 05:16:28: Reading Row...  Job ID: 140
05/15/2024 05:16:28: Reading Row...  Job ID: 141
05/15/2024 05:16:29: Reading Row...  Job ID: 142
05/15/2024 05:16:29: Reading Row...  Job ID: 143
05/15/2024 05:16:30: Reading Row...  Job ID: 144
05/15/2024 05:16:30: Reading Row...  Job ID: 145
05/15/2024 05:16:31: Reading Row...  Job ID: 146
05/15/2024 05:16:31: Reading Row...  Job ID: 147
05/15/2024 05:16:31: Reading Row...  Job ID: 148
05/15/2024 05:16:32: Reading Row...  Job ID: 149
05/15/2024 05:16:32: Reading Row...  Job ID: 150
05/15/2024 05:16:33: Reading Row...  Job ID: 151
05/15/2024 05:16:33: Reading Row...  Job ID: 152
05/15/2024 05:16:34: Reading Row...  Job ID: 153
05/15/2024 05:16:34: Reading Row...  Job ID: 154
05/15/2024 05:16:35: Reading Row...  Job ID: 155
05/15/2024 05:16:35: Reading Row...  Job ID: 156
05/15/2024 05:16:36: Reading Row...  Job ID: 157
05/15/2024 05:16:36: Reading Row...  Job ID: 158
05/15/2024 05:16:37: Reading Row...  Job ID: 159
05/15/2024 05:16:37: Reading Row...  Job ID: 160
05/15/2024 05:16:38: Reading Row...  Job ID: 161
05/15/2024 05:16:38: Reading Row...  Job ID: 162
05/15/2024 05:16:38: Reading Row...  Job ID: 163
05/15/2024 05:16:39: Reading Row...  Job ID: 164
05/15/2024 05:16:39: Reading Row...  Job ID: 165
05/15/2024 05:16:40: Reading Row...  Job ID: 166
05/15/2024 05:16:40: Reading Row...  Job ID: 167
05/15/2024 05:16:41: Reading Row...  Job ID: 168
05/15/2024 05:16:41: Reading Row...  Job ID: 169
05/15/2024 05:16:42: Reading Row...  Job ID: 170
05/15/2024 05:16:42: Reading Row...  Job ID: 171
05/15/2024 05:16:43: Reading Row...  Job ID: 172
05/15/2024 05:16:43: Reading Row...  Job ID: 173
05/15/2024 05:16:44: Reading Row...  Job ID: 174
05/15/2024 05:16:44: Reading Row...  Job ID: 175
05/15/2024 05:16:45: Reading Row...  Job ID: 176
05/15/2024 05:16:45: Reading Row...  Job ID: 177
05/15/2024 05:16:46: Reading Row...  Job ID: 178
05/15/2024 05:16:46: Reading Row...  Job ID: 179
05/15/2024 05:16:47: Reading Row...  Job ID: 180
05/15/2024 05:16:47: Reading Row...  Job ID: 181
05/15/2024 05:16:47: Reading Row...  Job ID: 182
05/15/2024 05:16:48: Reading Row...  Job ID: 183
05/15/2024 05:16:48: Reading Row...  Job ID: 184
05/15/2024 05:16:49: Reading Row...  Job ID: 185
05/15/2024 05:16:49: Reading Row...  Job ID: 186
05/15/2024 05:16:50: Reading Row...  Job ID: 187
05/15/2024 05:16:50: Reading Row...  Job ID: 188
05/15/2024 05:16:51: Reading Row...  Job ID: 189
05/15/2024 05:16:51: Reading Row...  Job ID: 190
05/15/2024 05:16:52: Reading Row...  Job ID: 191
05/15/2024 05:16:52: Reading Row...  Job ID: 192
05/15/2024 05:16:53: Reading Row...  Job ID: 193
05/15/2024 05:16:53: Reading Row...  Job ID: 194
05/15/2024 05:16:54: Reading Row...  Job ID: 195
05/15/2024 05:16:54: Reading Row...  Job ID: 196
05/15/2024 05:16:54: Reading Row...  Job ID: 197
05/15/2024 05:16:55: Reading Row...  Job ID: 198
05/15/2024 05:16:55: Reading Row...  Job ID: 199
05/15/2024 05:16:56: Reading Row...  Job ID: 200
05/15/2024 05:16:56: Reading Row...  Job ID: 201
05/15/2024 05:16:57: Reading Row...  Job ID: 202
05/15/2024 05:16:57: Reading Row...  Job ID: 203
05/15/2024 05:16:58: Reading Row...  Job ID: 204
05/15/2024 05:16:59: Reading Row...  Job ID: 205
05/15/2024 05:16:59: Reading Row...  Job ID: 206
05/15/2024 05:17:00: Reading Row...  Job ID: 207
05/15/2024 05:17:00: Reading Row...  Job ID: 208
05/15/2024 05:17:01: Reading Row...  Job ID: 209
05/15/2024 05:17:01: Reading Row...  Job ID: 210
05/15/2024 05:17:01: Reading Row...  Job ID: 211
05/15/2024 05:17:02: Reading Row...  Job ID: 212
05/15/2024 05:17:02: Reading Row...  Job ID: 213
05/15/2024 05:17:03: Reading Row...  Job ID: 214
05/15/2024 05:17:03: Reading Row...  Job ID: 215
05/15/2024 05:17:04: Reading Row...  Job ID: 216
05/15/2024 05:17:04: Reading Row...  Job ID: 217
05/15/2024 05:17:05: Reading Row...  Job ID: 218
05/15/2024 05:17:05: Reading Row...  Job ID: 219
05/15/2024 05:17:06: Reading Row...  Job ID: 220
05/15/2024 05:17:06: Reading Row...  Job ID: 221
05/15/2024 05:17:06: Reading Row...  Job ID: 222
05/15/2024 05:17:07: Reading Row...  Job ID: 223
05/15/2024 05:17:07: Reading Row...  Job ID: 224
05/15/2024 05:17:08: Reading Row...  Job ID: 225
05/15/2024 05:17:08: Reading Row...  Job ID: 226
05/15/2024 05:17:09: Reading Row...  Job ID: 227
05/15/2024 05:17:09: Reading Row...  Job ID: 228
05/15/2024 05:17:09: Reading Row...  Job ID: 229
05/15/2024 05:17:10: Reading Row...  Job ID: 230
05/15/2024 05:17:10: Reading Row...  Job ID: 231
05/15/2024 05:17:11: Reading Row...  Job ID: 232
05/15/2024 05:17:11: Reading Row...  Job ID: 233
05/15/2024 05:17:12: Reading Row...  Job ID: 234
05/15/2024 05:17:12: Reading Row...  Job ID: 235
05/15/2024 05:17:12: Reading Row...  Job ID: 236
05/15/2024 05:17:13: Reading Row...  Job ID: 237
05/15/2024 05:17:13: Reading Row...  Job ID: 238
05/15/2024 05:17:14: Reading Row...  Job ID: 239
05/15/2024 05:17:14: Reading Row...  Job ID: 240
05/15/2024 05:17:15: Reading Row...  Job ID: 241
05/15/2024 05:17:15: Reading Row...  Job ID: 242
05/15/2024 05:17:15: Reading Row...  Job ID: 243
05/15/2024 05:17:16: Reading Row...  Job ID: 244
05/15/2024 05:17:16: Reading Row...  Job ID: 245
05/15/2024 05:17:17: Reading Row...  Job ID: 246
05/15/2024 05:17:17: Reading Row...  Job ID: 247
05/15/2024 05:17:18: Reading Row...  Job ID: 248
05/15/2024 05:17:18: Reading Row...  Job ID: 249
05/15/2024 05:17:19: Reading Row...  Job ID: 250
05/15/2024 05:17:19: Reading Row...  Job ID: 251
05/15/2024 05:17:19: Reading Row...  Job ID: 252
05/15/2024 05:17:20: Reading Row...  Job ID: 253
05/15/2024 05:17:20: Reading Row...  Job ID: 254
05/15/2024 05:17:21: Reading Row...  Job ID: 255
05/15/2024 05:17:21: Reading Row...  Job ID: 256
05/15/2024 05:17:21: Reading Row...  Job ID: 257
05/15/2024 05:17:22: Reading Row...  Job ID: 258
05/15/2024 05:17:22: Reading Row...  Job ID: 259
05/15/2024 05:17:23: Reading Row...  Job ID: 260
05/15/2024 05:17:23: Reading Row...  Job ID: 261
05/15/2024 05:17:24: Reading Row...  Job ID: 262
05/15/2024 05:17:24: Reading Row...  Job ID: 263
05/15/2024 05:17:24: Reading Row...  Job ID: 264
05/15/2024 05:17:25: Reading Row...  Job ID: 265
05/15/2024 05:17:25: Reading Row...  Job ID: 266
05/15/2024 05:17:26: Reading Row...  Job ID: 267
05/15/2024 05:17:26: Reading Row...  Job ID: 268
05/15/2024 05:17:27: Reading Row...  Job ID: 269
05/15/2024 05:17:27: Reading Row...  Job ID: 270
05/15/2024 05:17:27: Reading Row...  Job ID: 271
05/15/2024 05:17:28: Reading Row...  Job ID: 272
05/15/2024 05:17:28: Reading Row...  Job ID: 273
05/15/2024 05:17:29: Reading Row...  Job ID: 274
05/15/2024 05:17:29: Reading Row...  Job ID: 275
05/15/2024 05:17:30: Reading Row...  Job ID: 276
05/15/2024 05:17:30: Reading Row...  Job ID: 277
05/15/2024 05:17:30: Reading Row...  Job ID: 278
05/15/2024 05:17:31: Reading Row...  Job ID: 279
05/15/2024 05:17:31: Reading Row...  Job ID: 280
05/15/2024 05:17:32: Reading Row...  Job ID: 281
05/15/2024 05:17:32: Reading Row...  Job ID: 282
05/15/2024 05:17:33: Reading Row...  Job ID: 283
05/15/2024 05:17:33: Reading Row...  Job ID: 284
05/15/2024 05:17:34: Reading Row...  Job ID: 285
05/15/2024 05:17:34: Reading Row...  Job ID: 286
05/15/2024 05:17:34: Reading Row...  Job ID: 287
05/15/2024 05:17:35: Reading Row...  Job ID: 288
05/15/2024 05:17:35: Reading Row...  Job ID: 289
05/15/2024 05:17:36: Reading Row...  Job ID: 290
05/15/2024 05:17:36: Reading Row...  Job ID: 291
05/15/2024 05:17:37: Reading Row...  Job ID: 292
05/15/2024 05:17:37: Reading Row...  Job ID: 293
05/15/2024 05:17:37: Reading Row...  Job ID: 294
05/15/2024 05:17:38: Reading Row...  Job ID: 295
05/15/2024 05:17:38: Reading Row...  Job ID: 296
05/15/2024 05:17:39: Reading Row...  Job ID: 297
05/15/2024 05:17:39: Reading Row...  Job ID: 298
05/15/2024 05:17:40: Reading Row...  Job ID: 299
05/15/2024 05:17:40: Reading Row...  Job ID: 300
05/15/2024 05:17:40: Reading Row...  Job ID: 301
05/15/2024 05:17:41: Reading Row...  Job ID: 302
05/15/2024 05:17:41: Reading Row...  Job ID: 303
05/15/2024 05:17:42: Reading Row...  Job ID: 304
05/15/2024 05:17:43: Reading Row...  Job ID: 305
05/15/2024 05:17:43: Reading Row...  Job ID: 306
05/15/2024 05:17:44: Reading Row...  Job ID: 307
05/15/2024 05:17:44: Reading Row...  Job ID: 308
05/15/2024 05:17:45: Reading Row...  Job ID: 309
05/15/2024 05:17:45: Reading Row...  Job ID: 310
05/15/2024 05:17:45: Reading Row...  Job ID: 311
05/15/2024 05:17:46: Reading Row...  Job ID: 312
05/15/2024 05:17:46: Reading Row...  Job ID: 313
05/15/2024 05:17:47: Reading Row...  Job ID: 314
05/15/2024 05:17:47: Reading Row...  Job ID: 315
05/15/2024 05:17:48: Reading Row...  Job ID: 316
05/15/2024 05:17:48: Reading Row...  Job ID: 317
05/15/2024 05:17:48: Reading Row...  Job ID: 318
05/15/2024 05:17:49: Reading Row...  Job ID: 319
05/15/2024 05:17:49: Reading Row...  Job ID: 320
05/15/2024 05:17:50: Reading Row...  Job ID: 321
05/15/2024 05:17:50: Reading Row...  Job ID: 322
05/15/2024 05:17:51: Reading Row...  Job ID: 323
05/15/2024 05:17:51: Reading Row...  Job ID: 324
05/15/2024 05:17:52: Reading Row...  Job ID: 325
05/15/2024 05:17:52: Reading Row...  Job ID: 326
05/15/2024 05:17:52: Reading Row...  Job ID: 327
05/15/2024 05:17:53: Reading Row...  Job ID: 328
05/15/2024 05:17:53: Reading Row...  Job ID: 329
05/15/2024 05:17:54: Reading Row...  Job ID: 330
05/15/2024 05:17:54: Reading Row...  Job ID: 331
05/15/2024 05:17:55: Reading Row...  Job ID: 332
05/15/2024 05:17:55: Reading Row...  Job ID: 333
05/15/2024 05:17:55: Reading Row...  Job ID: 334
05/15/2024 05:17:56: Reading Row...  Job ID: 335
05/15/2024 05:17:56: Reading Row...  Job ID: 336
05/15/2024 05:17:57: Reading Row...  Job ID: 337
05/15/2024 05:17:57: Reading Row...  Job ID: 338
05/15/2024 05:17:58: Reading Row...  Job ID: 339
05/15/2024 05:17:58: Reading Row...  Job ID: 340
05/15/2024 05:17:58: Reading Row...  Job ID: 341
05/15/2024 05:17:59: Reading Row...  Job ID: 342
05/15/2024 05:17:59: Reading Row...  Job ID: 343
05/15/2024 05:18:00: Reading Row...  Job ID: 344
05/15/2024 05:18:00: Reading Row...  Job ID: 345
05/15/2024 05:18:01: Reading Row...  Job ID: 346
05/15/2024 05:18:01: Reading Row...  Job ID: 347
05/15/2024 05:18:02: Reading Row...  Job ID: 348
05/15/2024 05:18:02: Reading Row...  Job ID: 349
05/15/2024 05:18:02: Reading Row...  Job ID: 350
05/15/2024 05:18:03: Reading Row...  Job ID: 351
05/15/2024 05:18:03: Reading Row...  Job ID: 352
05/15/2024 05:18:04: Reading Row...  Job ID: 353
05/15/2024 05:18:04: Reading Row...  Job ID: 354
05/15/2024 05:18:05: Reading Row...  Job ID: 355
05/15/2024 05:18:05: Reading Row...  Job ID: 356
05/15/2024 05:18:06: Reading Row...  Job ID: 357
05/15/2024 05:18:06: Reading Row...  Job ID: 358
05/15/2024 05:18:06: Reading Row...  Job ID: 359
05/15/2024 05:18:07: Reading Row...  Job ID: 360
05/15/2024 05:18:07: Reading Row...  Job ID: 361
05/15/2024 05:18:08: Reading Row...  Job ID: 362
05/15/2024 05:18:08: Reading Row...  Job ID: 363
05/15/2024 05:18:09: Reading Row...  Job ID: 364
05/15/2024 05:18:09: Reading Row...  Job ID: 365
05/15/2024 05:18:09: Reading Row...  Job ID: 366
05/15/2024 05:18:10: Reading Row...  Job ID: 367
05/15/2024 05:18:10: Reading Row...  Job ID: 368
05/15/2024 05:18:11: Reading Row...  Job ID: 369
05/15/2024 05:18:11: Reading Row...  Job ID: 370
05/15/2024 05:18:12: Reading Row...  Job ID: 371
05/15/2024 05:18:12: Reading Row...  Job ID: 372
05/15/2024 05:18:13: Reading Row...  Job ID: 373
05/15/2024 05:18:13: Reading Row...  Job ID: 374
05/15/2024 05:18:13: Reading Row...  Job ID: 375
05/15/2024 05:18:14: Reading Row...  Job ID: 376
05/15/2024 05:18:14: Reading Row...  Job ID: 377
05/15/2024 05:18:15: Reading Row...  Job ID: 378
05/15/2024 05:18:15: Reading Row...  Job ID: 379
05/15/2024 05:18:16: Reading Row...  Job ID: 380
05/15/2024 05:18:16: Reading Row...  Job ID: 381
05/15/2024 05:18:16: Reading Row...  Job ID: 382
05/15/2024 05:18:17: Reading Row...  Job ID: 383
05/15/2024 05:18:17: Reading Row...  Job ID: 384
05/15/2024 05:18:18: Reading Row...  Job ID: 385
05/15/2024 05:18:18: Reading Row...  Job ID: 386
05/15/2024 05:18:19: Reading Row...  Job ID: 387
05/15/2024 05:18:19: Reading Row...  Job ID: 388
05/15/2024 05:18:19: Reading Row...  Job ID: 389
05/15/2024 05:18:20: Reading Row...  Job ID: 390
05/15/2024 05:18:20: Reading Row...  Job ID: 391
05/15/2024 05:18:21: Reading Row...  Job ID: 392
05/15/2024 05:18:21: Reading Row...  Job ID: 393
05/15/2024 05:18:22: Reading Row...  Job ID: 394
05/15/2024 05:18:22: Reading Row...  Job ID: 395
05/15/2024 05:18:22: Reading Row...  Job ID: 396
05/15/2024 05:18:23: Reading Row...  Job ID: 397
05/15/2024 05:18:23: Reading Row...  Job ID: 398
05/15/2024 05:18:24: Reading Row...  Job ID: 399
05/15/2024 05:18:24: Reading Row...  Job ID: 400
05/15/2024 05:18:25: Reading Row...  Job ID: 401
05/15/2024 05:18:25: Reading Row...  Job ID: 402
05/15/2024 05:18:26: Reading Row...  Job ID: 403
05/15/2024 05:18:26: Reading Row...  Job ID: 404
05/15/2024 05:18:26: Reading Row...  Job ID: 405
05/15/2024 05:18:27: Reading Row...  Job ID: 406
05/15/2024 05:18:28: Reading Row...  Job ID: 407
05/15/2024 05:18:28: Reading Row...  Job ID: 408
05/15/2024 05:18:29: Reading Row...  Job ID: 409
05/15/2024 05:18:29: Reading Row...  Job ID: 410
05/15/2024 05:18:30: Reading Row...  Job ID: 411
05/15/2024 05:18:30: Reading Row...  Job ID: 412
05/15/2024 05:18:30: Reading Row...  Job ID: 413
05/15/2024 05:18:31: Reading Row...  Job ID: 414
05/15/2024 05:18:31: Reading Row...  Job ID: 415
05/15/2024 05:18:32: Reading Row...  Job ID: 416
05/15/2024 05:18:32: Reading Row...  Job ID: 417
05/15/2024 05:18:33: Reading Row...  Job ID: 418
05/15/2024 05:18:33: Reading Row...  Job ID: 419
05/15/2024 05:18:33: Reading Row...  Job ID: 420
05/15/2024 05:18:34: Reading Row...  Job ID: 421
05/15/2024 05:18:34: Reading Row...  Job ID: 422
05/15/2024 05:18:35: Reading Row...  Job ID: 423
05/15/2024 05:18:35: Reading Row...  Job ID: 424
05/15/2024 05:18:36: Reading Row...  Job ID: 425
05/15/2024 05:18:36: Reading Row...  Job ID: 426
05/15/2024 05:18:37: Reading Row...  Job ID: 427
05/15/2024 05:18:37: Reading Row...  Job ID: 428
05/15/2024 05:18:37: Reading Row...  Job ID: 429
05/15/2024 05:18:38: Reading Row...  Job ID: 430
05/15/2024 05:18:38: Reading Row...  Job ID: 431
05/15/2024 05:18:39: Reading Row...  Job ID: 432
05/15/2024 05:18:39: Reading Row...  Job ID: 433
05/15/2024 05:18:40: Reading Row...  Job ID: 434
05/15/2024 05:18:40: Reading Row...  Job ID: 435
05/15/2024 05:18:40: Reading Row...  Job ID: 436
05/15/2024 05:18:41: Reading Row...  Job ID: 437
05/15/2024 05:18:42: Reading Row...  Job ID: 438
05/15/2024 05:18:42: Reading Row...  Job ID: 439
05/15/2024 05:18:43: Reading Row...  Job ID: 440
05/15/2024 05:18:43: Reading Row...  Job ID: 441
05/15/2024 05:18:43: Reading Row...  Job ID: 442
05/15/2024 05:18:44: Reading Row...  Job ID: 443
05/15/2024 05:18:44: Reading Row...  Job ID: 444
05/15/2024 05:18:45: Reading Row...  Job ID: 445
05/15/2024 05:18:45: Reading Row...  Job ID: 446
05/15/2024 05:18:46: Reading Row...  Job ID: 447
05/15/2024 05:18:46: Reading Row...  Job ID: 448
05/15/2024 05:18:46: Reading Row...  Job ID: 449
05/15/2024 05:18:47: Reading Row...  Job ID: 450
05/15/2024 05:18:47: Reading Row...  Job ID: 451
05/15/2024 05:18:48: Reading Row...  Job ID: 452
05/15/2024 05:18:48: Reading Row...  Job ID: 453
05/15/2024 05:18:49: Reading Row...  Job ID: 454
05/15/2024 05:18:49: Reading Row...  Job ID: 455
05/15/2024 05:18:49: Reading Row...  Job ID: 456
05/15/2024 05:18:50: Reading Row...  Job ID: 457
05/15/2024 05:18:50: Reading Row...  Job ID: 458
05/15/2024 05:18:51: Reading Row...  Job ID: 459
05/15/2024 05:18:51: Reading Row...  Job ID: 460
05/15/2024 05:18:52: Reading Row...  Job ID: 461
05/15/2024 05:18:52: Reading Row...  Job ID: 462
05/15/2024 05:18:52: Reading Row...  Job ID: 463
05/15/2024 05:18:53: Reading Row...  Job ID: 464
05/15/2024 05:18:53: Reading Row...  Job ID: 465
05/15/2024 05:18:54: Reading Row...  Job ID: 466
05/15/2024 05:18:54: Reading Row...  Job ID: 467
05/15/2024 05:18:55: Reading Row...  Job ID: 468
05/15/2024 05:18:55: Reading Row...  Job ID: 469
05/15/2024 05:18:56: Reading Row...  Job ID: 470
05/15/2024 05:18:56: Reading Row...  Job ID: 471
05/15/2024 05:18:56: Reading Row...  Job ID: 472
05/15/2024 05:18:57: Reading Row...  Job ID: 473
05/15/2024 05:18:57: Reading Row...  Job ID: 474
05/15/2024 05:18:58: Reading Row...  Job ID: 475
05/15/2024 05:18:58: Reading Row...  Job ID: 476
05/15/2024 05:18:59: Reading Row...  Job ID: 477
05/15/2024 05:18:59: Reading Row...  Job ID: 478
05/15/2024 05:18:59: Reading Row...  Job ID: 479
05/15/2024 05:19:00: Reading Row...  Job ID: 480
05/15/2024 05:19:00: Reading Row...  Job ID: 481
05/15/2024 05:19:01: Reading Row...  Job ID: 482
05/15/2024 05:19:01: Reading Row...  Job ID: 483
05/15/2024 05:19:02: Reading Row...  Job ID: 484
05/15/2024 05:19:02: Reading Row...  Job ID: 485
05/15/2024 05:19:02: Reading Row...  Job ID: 486
05/15/2024 05:19:03: Reading Row...  Job ID: 487
05/15/2024 05:19:03: Reading Row...  Job ID: 488
05/15/2024 05:19:04: Reading Row...  Job ID: 489
05/15/2024 05:19:04: Reading Row...  Job ID: 490
05/15/2024 05:19:05: Reading Row...  Job ID: 491
05/15/2024 05:19:05: Reading Row...  Job ID: 492
05/15/2024 05:19:06: Reading Row...  Job ID: 493
05/15/2024 05:19:06: Reading Row...  Job ID: 494
05/15/2024 05:19:06: Reading Row...  Job ID: 495
05/15/2024 05:19:07: Reading Row...  Job ID: 496
05/15/2024 05:19:07: Reading Row...  Job ID: 497
05/15/2024 05:19:08: Reading Row...  Job ID: 498
05/15/2024 05:19:08: Reading Row...  Job ID: 499
05/15/2024 05:19:09: Reading Row...  Job ID: 500
05/15/2024 05:19:09: Reading Row...  Job ID: 501
05/15/2024 05:19:10: Reading Row...  Job ID: 502
05/15/2024 05:19:10: Reading Row...  Job ID: 503
05/15/2024 05:19:10: Reading Row...  Job ID: 504
05/15/2024 05:19:11: Reading Row...  Job ID: 505
05/15/2024 05:19:11: Reading Row...  Job ID: 506
05/15/2024 05:19:12: Reading Row...  Job ID: 507
05/15/2024 05:19:13: Reading Row...  Job ID: 508
05/15/2024 05:19:13: Reading Row...  Job ID: 509
05/15/2024 05:19:14: Reading Row...  Job ID: 510
05/15/2024 05:19:14: Reading Row...  Job ID: 511
05/15/2024 05:19:15: Reading Row...  Job ID: 512
05/15/2024 05:19:15: Reading Row...  Job ID: 513
05/15/2024 05:19:16: Reading Row...  Job ID: 514
05/15/2024 05:19:16: Reading Row...  Job ID: 515
05/15/2024 05:19:17: Reading Row...  Job ID: 516
05/15/2024 05:19:17: Reading Row...  Job ID: 517
05/15/2024 05:19:18: Reading Row...  Job ID: 518
05/15/2024 05:19:18: Reading Row...  Job ID: 519
05/15/2024 05:19:19: Reading Row...  Job ID: 520
05/15/2024 05:19:19: Reading Row...  Job ID: 521
05/15/2024 05:19:20: Reading Row...  Job ID: 522
05/15/2024 05:19:20: Reading Row...  Job ID: 523
05/15/2024 05:19:20: Reading Row...  Job ID: 524
05/15/2024 05:19:21: Reading Row...  Job ID: 525
05/15/2024 05:19:21: Reading Row...  Job ID: 526
05/15/2024 05:19:22: Reading Row...  Job ID: 527
05/15/2024 05:19:22: Reading Row...  Job ID: 528
05/15/2024 05:19:23: Reading Row...  Job ID: 529
05/15/2024 05:19:23: Reading Row...  Job ID: 530
05/15/2024 05:19:24: Reading Row...  Job ID: 531
05/15/2024 05:19:24: Reading Row...  Job ID: 532
05/15/2024 05:19:25: Reading Row...  Job ID: 533
05/15/2024 05:19:25: Reading Row...  Job ID: 534
05/15/2024 05:19:26: Reading Row...  Job ID: 535
05/15/2024 05:19:26: Reading Row...  Job ID: 536
05/15/2024 05:19:27: Reading Row...  Job ID: 537
05/15/2024 05:19:27: Reading Row...  Job ID: 538
05/15/2024 05:19:28: Reading Row...  Job ID: 539
05/15/2024 05:19:28: Reading Row...  Job ID: 540
05/15/2024 05:19:29: Reading Row...  Job ID: 541
05/15/2024 05:19:29: Reading Row...  Job ID: 542
05/15/2024 05:19:29: Reading Row...  Job ID: 543
05/15/2024 05:19:30: Reading Row...  Job ID: 544
05/15/2024 05:19:30: Reading Row...  Job ID: 545
05/15/2024 05:19:31: Reading Row...  Job ID: 546
05/15/2024 05:19:31: Reading Row...  Job ID: 547
05/15/2024 05:19:32: Reading Row...  Job ID: 548
05/15/2024 05:19:32: Reading Row...  Job ID: 549
05/15/2024 05:19:33: Reading Row...  Job ID: 550
05/15/2024 05:19:33: Reading Row...  Job ID: 551
05/15/2024 05:19:34: Reading Row...  Job ID: 552
05/15/2024 05:19:34: Reading Row...  Job ID: 553
05/15/2024 05:19:35: Reading Row...  Job ID: 554
05/15/2024 05:19:35: Reading Row...  Job ID: 555
05/15/2024 05:19:36: Reading Row...  Job ID: 556
05/15/2024 05:19:36: Reading Row...  Job ID: 557
05/15/2024 05:19:37: Reading Row...  Job ID: 558
05/15/2024 05:19:37: Reading Row...  Job ID: 559
05/15/2024 05:19:38: Reading Row...  Job ID: 560
05/15/2024 05:19:38: Reading Row...  Job ID: 561
05/15/2024 05:19:39: Reading Row...  Job ID: 562
05/15/2024 05:19:39: Reading Row...  Job ID: 563
05/15/2024 05:19:39: Reading Row...  Job ID: 564
05/15/2024 05:19:40: Reading Row...  Job ID: 565
05/15/2024 05:19:40: Reading Row...  Job ID: 566
05/15/2024 05:19:41: Reading Row...  Job ID: 567
05/15/2024 05:19:41: Reading Row...  Job ID: 568
05/15/2024 05:19:42: Reading Row...  Job ID: 569
05/15/2024 05:19:42: Reading Row...  Job ID: 570
05/15/2024 05:19:43: Reading Row...  Job ID: 571
05/15/2024 05:19:43: Reading Row...  Job ID: 572
05/15/2024 05:19:44: Reading Row...  Job ID: 573
05/15/2024 05:19:44: Reading Row...  Job ID: 574
05/15/2024 05:19:45: Reading Row...  Job ID: 575
05/15/2024 05:19:45: Reading Row...  Job ID: 576
05/15/2024 05:19:46: Reading Row...  Job ID: 577
05/15/2024 05:19:46: Reading Row...  Job ID: 578
05/15/2024 05:19:47: Reading Row...  Job ID: 579
05/15/2024 05:19:47: Reading Row...  Job ID: 580
05/15/2024 05:19:48: Reading Row...  Job ID: 581
05/15/2024 05:19:48: Reading Row...  Job ID: 582
05/15/2024 05:19:49: Reading Row...  Job ID: 583
05/15/2024 05:19:49: Reading Row...  Job ID: 584
05/15/2024 05:19:50: Reading Row...  Job ID: 585
05/15/2024 05:19:50: Reading Row...  Job ID: 586
05/15/2024 05:19:50: Reading Row...  Job ID: 587
05/15/2024 05:19:51: Reading Row...  Job ID: 588
05/15/2024 05:19:51: Reading Row...  Job ID: 589
05/15/2024 05:19:52: Reading Row...  Job ID: 590
05/15/2024 05:19:52: Reading Row...  Job ID: 591
05/15/2024 05:19:53: Reading Row...  Job ID: 592
05/15/2024 05:19:53: Reading Row...  Job ID: 593
05/15/2024 05:19:54: Reading Row...  Job ID: 594
05/15/2024 05:19:54: Reading Row...  Job ID: 595
05/15/2024 05:19:55: Reading Row...  Job ID: 596
05/15/2024 05:19:55: Reading Row...  Job ID: 597
05/15/2024 05:19:56: Reading Row...  Job ID: 598
05/15/2024 05:19:56: Reading Row...  Job ID: 599
05/15/2024 05:19:57: Reading Row...  Job ID: 600
05/15/2024 05:19:57: Reading Row...  Job ID: 601
05/15/2024 05:19:58: Reading Row...  Job ID: 602
05/15/2024 05:19:58: Reading Row...  Job ID: 603
05/15/2024 05:19:59: Reading Row...  Job ID: 604
05/15/2024 05:19:59: Reading Row...  Job ID: 605
05/15/2024 05:19:59: Reading Row...  Job ID: 606
05/15/2024 05:20:00: Reading Row...  Job ID: 607
05/15/2024 05:20:01: Reading Row...  Job ID: 608
05/15/2024 05:20:02: Reading Row...  Job ID: 609
05/15/2024 05:20:02: Reading Row...  Job ID: 610
05/15/2024 05:20:03: Reading Row...  Job ID: 611
05/15/2024 05:20:03: Reading Row...  Job ID: 612
05/15/2024 05:20:04: Reading Row...  Job ID: 613
05/15/2024 05:20:04: Reading Row...  Job ID: 614
05/15/2024 05:20:05: Reading Row...  Job ID: 615
05/15/2024 05:20:05: Reading Row...  Job ID: 616
05/15/2024 05:20:06: Reading Row...  Job ID: 617
05/15/2024 05:20:06: Reading Row...  Job ID: 618
05/15/2024 05:20:07: Reading Row...  Job ID: 619
05/15/2024 05:20:07: Reading Row...  Job ID: 620
05/15/2024 05:20:08: Reading Row...  Job ID: 621
05/15/2024 05:20:08: Reading Row...  Job ID: 622
05/15/2024 05:20:09: Reading Row...  Job ID: 623
05/15/2024 05:20:09: Reading Row...  Job ID: 624
05/15/2024 05:20:09: Reading Row...  Job ID: 625
05/15/2024 05:20:10: Reading Row...  Job ID: 626
05/15/2024 05:20:10: Reading Row...  Job ID: 627
05/15/2024 05:20:11: Reading Row...  Job ID: 628
05/15/2024 05:20:11: Reading Row...  Job ID: 629
05/15/2024 05:20:12: Reading Row...  Job ID: 630
05/15/2024 05:20:12: Reading Row...  Job ID: 631
05/15/2024 05:20:13: Reading Row...  Job ID: 632
05/15/2024 05:20:13: Reading Row...  Job ID: 633
05/15/2024 05:20:14: Reading Row...  Job ID: 634
05/15/2024 05:20:14: Reading Row...  Job ID: 635
05/15/2024 05:20:15: Reading Row...  Job ID: 636
05/15/2024 05:20:15: Reading Row...  Job ID: 637
05/15/2024 05:20:16: Reading Row...  Job ID: 638
05/15/2024 05:20:16: Reading Row...  Job ID: 639
05/15/2024 05:20:17: Reading Row...  Job ID: 640
05/15/2024 05:20:17: Reading Row...  Job ID: 641
05/15/2024 05:20:18: Reading Row...  Job ID: 642
05/15/2024 05:20:18: Reading Row...  Job ID: 643
05/15/2024 05:20:19: Reading Row...  Job ID: 644
05/15/2024 05:20:19: Reading Row...  Job ID: 645
05/15/2024 05:20:19: Reading Row...  Job ID: 646
05/15/2024 05:20:20: Reading Row...  Job ID: 647
05/15/2024 05:20:20: Reading Row...  Job ID: 648
05/15/2024 05:20:21: Reading Row...  Job ID: 649
05/15/2024 05:20:21: Reading Row...  Job ID: 650
05/15/2024 05:20:22: Reading Row...  Job ID: 651
05/15/2024 05:20:22: Reading Row...  Job ID: 652
05/15/2024 05:20:23: Reading Row...  Job ID: 653
05/15/2024 05:20:23: Reading Row...  Job ID: 654
05/15/2024 05:20:24: Reading Row...  Job ID: 655
05/15/2024 05:20:24: Reading Row...  Job ID: 656
05/1