

Version:	3.12
CmdLine:	F:\TOSV2Exe\TOS.exe --l4j-debug
WOW64:		yes
Working dir:	F:\TOSV2Exe\.
Java min ver:	
Java max ver:	
Bundled JRE:	bin\runtime
Check launcher:	F:\TOSV2Exe\bin\runtime\bin\javaw.exe (OK)
Launcher:	F:\TOSV2Exe\bin\runtime\bin\javaw.exe
Launcher args:	-jar "F:\TOSV2Exe\TOS.exe"
Args length:	26/32768 chars
Exit code:	0


Version:	3.12
CmdLine:	F:\TOSV2Exe\TOS.exe --l4j-debug
WOW64:		yes
Working dir:	F:\TOSV2Exe\.
Java min ver:	
Java max ver:	
Bundled JRE:	runtime
Check launcher:	F:\TOSV2Exe\runtime\bin\javaw.exe (not found)
Error msg:	This application was configured to use a bundled Java Runtime Environment but the runtime is missing or corrupted.


Version:	3.12
CmdLine:	F:\TOSV2Exe\TOS.exe --l4j-debug
WOW64:		yes
Working dir:	F:\TOSV2Exe\.
Java min ver:	
Java max ver:	
Bundled JRE:	runtime
Check launcher:	F:\TOSV2Exe\runtime\bin\javaw.exe (not found)
Error msg:	This application was configured to use a bundled Java Runtime Environment but the runtime is missing or corrupted.


Version:	3.12
CmdLine:	F:\TOSV2Exe\TOS.exe --l4j-debug
WOW64:		yes
Working dir:	F:\TOSV2Exe\.
Java min ver:	
Java max ver:	
Bundled JRE:	bin\runtime
Check launcher:	F:\TOSV2Exe\bin\runtime\bin\javaw.exe (OK)
Launcher:	F:\TOSV2Exe\bin\runtime\bin\javaw.exe
Launcher args:	-jar "F:\TOSV2Exe\TOS.exe"
Args length:	26/32768 chars
Exit code:	0


Version:	3.12
CmdLine:	F:\TOSV2Exe\TOS.exe --l4j-debug
WOW64:		yes
Working dir:	F:\TOSV2Exe\.
Java min ver:	
Java max ver:	
Bundled JRE:	bin\runtime
Check launcher:	F:\TOSV2Exe\bin\runtime\bin\javaw.exe (OK)
Launcher:	F:\TOSV2Exe\bin\runtime\bin\javaw.exe
Launcher args:	-jar "F:\TOSV2Exe\TOS.exe"
Args length:	26/32768 chars
Exit code:	0


Version:	3.12
CmdLine:	F:\TOSV2Exe\TOS.exe --l4j-debug
WOW64:		yes
Working dir:	F:\TOSV2Exe\.
Java min ver:	
Java max ver:	
Bundled JRE:	bin\runtime
Check launcher:	F:\TOSV2Exe\bin\runtime\bin\javaw.exe (OK)
Launcher:	F:\TOSV2Exe\bin\runtime\bin\javaw.exe
Launcher args:	-jar "F:\TOSV2Exe\TOS.exe"
Args length:	26/32768 chars
Exit code:	0
